DEBUG:local_logging:Processing file files/Test_4_osie.nc
DEBUG:local_logging:Reading file files/Test_4_osie.nc
DEBUG:local_logging:NI: G21

DEBUG:local_logging:NI: G00 G40 G17 G90

DEBUG:local_logging:NI: G53 G00 G90 Z0.0

DEBUG:local_logging:NI: A0 F8000

DEBUG:local_logging:NI: ()

DEBUG:local_logging:NI: (Test_4_osie)

DEBUG:local_logging:NI: (Y0Z0 na X - obrot X)

DEBUG:local_logging:NI: (Prostok?t)

DEBUG:local_logging:NI: (-------------------------------------------------------------------------------------)

DEBUG:local_logging:NI: ( -/+X 20.0000 171.0930 )

DEBUG:local_logging:NI: ( -/+Y -20.4998 22.3500 )

DEBUG:local_logging:NI: ( -/+Z 15.8678 36.0084 ) 

DEBUG:local_logging:NI: ()

DEBUG:local_logging:NI: ( BEGIN TOOL LIST )

DEBUG:local_logging:NI: ( TOOL 12 - FlatMill_5 - DESC: 5.0000 DIA, 2 FLUTE,  CARBIDE MAT )

DEBUG:local_logging:NI: ( TOOL 11 - FlatMill 4 - DESC: 4.0000 DIA, 2 FLUTE,  CARBIDE MAT )

DEBUG:local_logging:NI: ( TOOL 15 - FlatMill 2 - DESC: 2.0000 DIA, 2 FLUTE,  CARBIDE MAT )

DEBUG:local_logging:NI: ( ENDOF TOOL LIST )

DEBUG:local_logging:NI: (-------------------------------------------------------------------------------------)

DEBUG:local_logging:NI: ( Pobranie TOOL 12 - FlatMill_5 )

DEBUG:local_logging:NI: ( Dlugosc  50.0 mm - DIA 5.0 mm - FLUTE 2 )

DEBUG:local_logging:NI: (-------------------------------------------------------------------------------------)

DEBUG:local_logging:NI: M01 M05

DEBUG:local_logging:NI: G53 G00 G90 Z0.0

DEBUG:local_logging:NI: G53 G00 X50.0 Y0.0

DEBUG:local_logging:NI: M6 T12

DEBUG:local_logging:NI: G53 G00 G90 Z0.0

DEBUG:local_logging:NI: S18000 M03

DEBUG:local_logging:NI: G00 X0.0 Y0.0

DEBUG:local_logging:NI: ()

DEBUG:local_logging:NI: A0.0 F8000.0

DEBUG:local_logging:NI: G00X20.0000Y-0.0000Z36.0084A0.0F8000.0

DEBUG:local_logging:NI: F1500.0

DEBUG:local_logging:I: G01Z28.0000A0.0F1500.0

DEBUG:local_logging:Dict of values: {'operation': 'G01', 'X': None, 'Z': 'Z28.0', 'A': 'A0.0', 'F': 'F1500.0'}
DEBUG:local_logging:Detected A: A0.0 global_A: 0
DEBUG:local_logging:Global A: 0, local A: 0.0
DEBUG:local_logging:Operation: X: None, Z: 28.0, A: 0.0, F: 1500.0, Operation: G01
DEBUG:local_logging:Old line: G01Z28.0000A0.0F1500.0

DEBUG:local_logging:New line: G01Z28.0000A0.0F1500.0

DEBUG:local_logging:NI: ()

DEBUG:local_logging:NI: ( START ciecie )

DEBUG:local_logging:NI: ()

DEBUG:local_logging:NI: F1600.0

DEBUG:local_logging:I: G01A-1.7647059F1600.0

DEBUG:local_logging:Dict of values: {'operation': 'G01', 'X': None, 'Z': None, 'A': 'A-1.7', 'F': 'F1600.0'}
DEBUG:local_logging:Detected A: A-1.7 global_A: 0.0
DEBUG:local_logging:Global A: 0.0, local A: -1.7
DEBUG:local_logging:Operation: X: None, Z: 28.0, A: -1.7, F: 1600.0, Operation: G01
DEBUG:local_logging:Distance: 47.6 for X: None, Z: 28.0, A: -1.7, F: 1600.0
DEBUG:local_logging:Old line: G01A-1.7647059F1600.0

DEBUG:local_logging:New line: G01A-1.7647059F0.0

DEBUG:local_logging:I: G01A-3.5294118F1600.0

DEBUG:local_logging:Dict of values: {'operation': 'G01', 'X': None, 'Z': None, 'A': 'A-3.5', 'F': 'F1600.0'}
DEBUG:local_logging:Detected A: A-3.5 global_A: -1.7
DEBUG:local_logging:Global A: -1.7, local A: -1.8
DEBUG:local_logging:Operation: X: None, Z: 28.0, A: -1.8, F: 1600.0, Operation: G01
DEBUG:local_logging:Distance: 50.4 for X: None, Z: 28.0, A: -1.8, F: 1600.0
DEBUG:local_logging:Old line: G01A-3.5294118F1600.0

DEBUG:local_logging:New line: G01A-3.5294118F0.0

DEBUG:local_logging:I: G01A-5.2941177F1600.0

DEBUG:local_logging:Dict of values: {'operation': 'G01', 'X': None, 'Z': None, 'A': 'A-5.2', 'F': 'F1600.0'}
DEBUG:local_logging:Detected A: A-5.2 global_A: -3.5
DEBUG:local_logging:Global A: -3.5, local A: -1.7000000000000002
DEBUG:local_logging:Operation: X: None, Z: 28.0, A: -1.7000000000000002, F: 1600.0, Operation: G01
DEBUG:local_logging:Distance: 47.60000000000001 for X: None, Z: 28.0, A: -1.7000000000000002, F: 1600.0
DEBUG:local_logging:Old line: G01A-5.2941177F1600.0

DEBUG:local_logging:New line: G01A-5.2941177F0.0

DEBUG:local_logging:I: G01A-7.0588235F1600.0

DEBUG:local_logging:Dict of values: {'operation': 'G01', 'X': None, 'Z': None, 'A': 'A-7.0', 'F': 'F1600.0'}
DEBUG:local_logging:Detected A: A-7.0 global_A: -5.2
DEBUG:local_logging:Global A: -5.2, local A: -1.7999999999999998
DEBUG:local_logging:Operation: X: None, Z: 28.0, A: -1.7999999999999998, F: 1600.0, Operation: G01
DEBUG:local_logging:Distance: 50.39999999999999 for X: None, Z: 28.0, A: -1.7999999999999998, F: 1600.0
DEBUG:local_logging:Old line: G01A-7.0588235F1600.0

DEBUG:local_logging:New line: G01A-7.0588235F0.0

DEBUG:local_logging:I: G01A-8.8235294F1600.0

DEBUG:local_logging:Dict of values: {'operation': 'G01', 'X': None, 'Z': None, 'A': 'A-8.8', 'F': 'F1600.0'}
DEBUG:local_logging:Detected A: A-8.8 global_A: -7.0
DEBUG:local_logging:Global A: -7.0, local A: -1.8000000000000007
DEBUG:local_logging:Operation: X: None, Z: 28.0, A: -1.8000000000000007, F: 1600.0, Operation: G01
DEBUG:local_logging:Distance: 50.40000000000002 for X: None, Z: 28.0, A: -1.8000000000000007, F: 1600.0
DEBUG:local_logging:Old line: G01A-8.8235294F1600.0

DEBUG:local_logging:New line: G01A-8.8235294F0.0

DEBUG:local_logging:I: G01A-10.5882353F1600.0

DEBUG:local_logging:Dict of values: {'operation': 'G01', 'X': None, 'Z': None, 'A': 'A-10.5', 'F': 'F1600.0'}
DEBUG:local_logging:Detected A: A-10.5 global_A: -8.8
DEBUG:local_logging:Global A: -8.8, local A: -1.6999999999999993
DEBUG:local_logging:Operation: X: None, Z: 28.0, A: -1.6999999999999993, F: 1600.0, Operation: G01
DEBUG:local_logging:Distance: 47.59999999999998 for X: None, Z: 28.0, A: -1.6999999999999993, F: 1600.0
DEBUG:local_logging:Old line: G01A-10.5882353F1600.0

DEBUG:local_logging:New line: G01A-10.5882353F0.0

DEBUG:local_logging:I: G01A-12.3529412F1600.0

DEBUG:local_logging:Dict of values: {'operation': 'G01', 'X': None, 'Z': None, 'A': 'A-12.3', 'F': 'F1600.0'}
DEBUG:local_logging:Detected A: A-12.3 global_A: -10.5
DEBUG:local_logging:Global A: -10.5, local A: -1.8000000000000007
DEBUG:local_logging:Operation: X: None, Z: 28.0, A: -1.8000000000000007, F: 1600.0, Operation: G01
DEBUG:local_logging:Distance: 50.40000000000002 for X: None, Z: 28.0, A: -1.8000000000000007, F: 1600.0
DEBUG:local_logging:Old line: G01A-12.3529412F1600.0

DEBUG:local_logging:New line: G01A-12.3529412F0.0

DEBUG:local_logging:I: G01A-14.1176471F1600.0

DEBUG:local_logging:Dict of values: {'operation': 'G01', 'X': None, 'Z': None, 'A': 'A-14.1', 'F': 'F1600.0'}
DEBUG:local_logging:Detected A: A-14.1 global_A: -12.3
DEBUG:local_logging:Global A: -12.3, local A: -1.799999999999999
DEBUG:local_logging:Operation: X: None, Z: 28.0, A: -1.799999999999999, F: 1600.0, Operation: G01
DEBUG:local_logging:Distance: 50.39999999999997 for X: None, Z: 28.0, A: -1.799999999999999, F: 1600.0
DEBUG:local_logging:Old line: G01A-14.1176471F1600.0

DEBUG:local_logging:New line: G01A-14.1176471F0.0

DEBUG:local_logging:I: G01A-15.8823529F1600.0

DEBUG:local_logging:Dict of values: {'operation': 'G01', 'X': None, 'Z': None, 'A': 'A-15.8', 'F': 'F1600.0'}
DEBUG:local_logging:Detected A: A-15.8 global_A: -14.1
DEBUG:local_logging:Global A: -14.1, local A: -1.700000000000001
DEBUG:local_logging:Operation: X: None, Z: 28.0, A: -1.700000000000001, F: 1600.0, Operation: G01
DEBUG:local_logging:Distance: 47.60000000000003 for X: None, Z: 28.0, A: -1.700000000000001, F: 1600.0
DEBUG:local_logging:Old line: G01A-15.8823529F1600.0

DEBUG:local_logging:New line: G01A-15.8823529F0.0

DEBUG:local_logging:I: G01A-17.6470588F1600.0

DEBUG:local_logging:Dict of values: {'operation': 'G01', 'X': None, 'Z': None, 'A': 'A-17.6', 'F': 'F1600.0'}
DEBUG:local_logging:Detected A: A-17.6 global_A: -15.8
DEBUG:local_logging:Global A: -15.8, local A: -1.8000000000000007
DEBUG:local_logging:Operation: X: None, Z: 28.0, A: -1.8000000000000007, F: 1600.0, Operation: G01
DEBUG:local_logging:Distance: 50.40000000000002 for X: None, Z: 28.0, A: -1.8000000000000007, F: 1600.0
DEBUG:local_logging:Old line: G01A-17.6470588F1600.0

DEBUG:local_logging:New line: G01A-17.6470588F0.0

DEBUG:local_logging:I: G01A-19.4117647F1600.0

DEBUG:local_logging:Dict of values: {'operation': 'G01', 'X': None, 'Z': None, 'A': 'A-19.4', 'F': 'F1600.0'}
DEBUG:local_logging:Detected A: A-19.4 global_A: -17.6
DEBUG:local_logging:Global A: -17.6, local A: -1.7999999999999972
DEBUG:local_logging:Operation: X: None, Z: 28.0, A: -1.7999999999999972, F: 1600.0, Operation: G01
DEBUG:local_logging:Distance: 50.39999999999992 for X: None, Z: 28.0, A: -1.7999999999999972, F: 1600.0
DEBUG:local_logging:Old line: G01A-19.4117647F1600.0

DEBUG:local_logging:New line: G01A-19.4117647F0.0

DEBUG:local_logging:I: G01A-21.1764706F1600.0

DEBUG:local_logging:Dict of values: {'operation': 'G01', 'X': None, 'Z': None, 'A': 'A-21.1', 'F': 'F1600.0'}
DEBUG:local_logging:Detected A: A-21.1 global_A: -19.4
DEBUG:local_logging:Global A: -19.4, local A: -1.7000000000000028
DEBUG:local_logging:Operation: X: None, Z: 28.0, A: -1.7000000000000028, F: 1600.0, Operation: G01
DEBUG:local_logging:Distance: 47.60000000000008 for X: None, Z: 28.0, A: -1.7000000000000028, F: 1600.0
DEBUG:local_logging:Old line: G01A-21.1764706F1600.0

DEBUG:local_logging:New line: G01A-21.1764706F0.0

DEBUG:local_logging:I: G01A-22.9411765F1600.0

DEBUG:local_logging:Dict of values: {'operation': 'G01', 'X': None, 'Z': None, 'A': 'A-22.9', 'F': 'F1600.0'}
DEBUG:local_logging:Detected A: A-22.9 global_A: -21.1
DEBUG:local_logging:Global A: -21.1, local A: -1.7999999999999972
DEBUG:local_logging:Operation: X: None, Z: 28.0, A: -1.7999999999999972, F: 1600.0, Operation: G01
DEBUG:local_logging:Distance: 50.39999999999992 for X: None, Z: 28.0, A: -1.7999999999999972, F: 1600.0
DEBUG:local_logging:Old line: G01A-22.9411765F1600.0

DEBUG:local_logging:New line: G01A-22.9411765F0.0

DEBUG:local_logging:I: G01A-24.7058824F1600.0

DEBUG:local_logging:Dict of values: {'operation': 'G01', 'X': None, 'Z': None, 'A': 'A-24.7', 'F': 'F1600.0'}
DEBUG:local_logging:Detected A: A-24.7 global_A: -22.9
DEBUG:local_logging:Global A: -22.9, local A: -1.8000000000000007
DEBUG:local_logging:Operation: X: None, Z: 28.0, A: -1.8000000000000007, F: 1600.0, Operation: G01
DEBUG:local_logging:Distance: 50.40000000000002 for X: None, Z: 28.0, A: -1.8000000000000007, F: 1600.0
DEBUG:local_logging:Old line: G01A-24.7058824F1600.0

DEBUG:local_logging:New line: G01A-24.7058824F0.0

DEBUG:local_logging:I: G01A-26.4705882F1600.0

DEBUG:local_logging:Dict of values: {'operation': 'G01', 'X': None, 'Z': None, 'A': 'A-26.4', 'F': 'F1600.0'}
DEBUG:local_logging:Detected A: A-26.4 global_A: -24.7
DEBUG:local_logging:Global A: -24.7, local A: -1.6999999999999993
DEBUG:local_logging:Operation: X: None, Z: 28.0, A: -1.6999999999999993, F: 1600.0, Operation: G01
DEBUG:local_logging:Distance: 47.59999999999998 for X: None, Z: 28.0, A: -1.6999999999999993, F: 1600.0
DEBUG:local_logging:Old line: G01A-26.4705882F1600.0

DEBUG:local_logging:New line: G01A-26.4705882F0.0

DEBUG:local_logging:I: G01A-28.2352941F1600.0

DEBUG:local_logging:Dict of values: {'operation': 'G01', 'X': None, 'Z': None, 'A': 'A-28.2', 'F': 'F1600.0'}
DEBUG:local_logging:Detected A: A-28.2 global_A: -26.4
DEBUG:local_logging:Global A: -26.4, local A: -1.8000000000000007
DEBUG:local_logging:Operation: X: None, Z: 28.0, A: -1.8000000000000007, F: 1600.0, Operation: G01
DEBUG:local_logging:Distance: 50.40000000000002 for X: None, Z: 28.0, A: -1.8000000000000007, F: 1600.0
DEBUG:local_logging:Old line: G01A-28.2352941F1600.0

DEBUG:local_logging:New line: G01A-28.2352941F0.0

DEBUG:local_logging:I: G01A-30.F1600.0

DEBUG:local_logging:Dict of values: {'operation': 'G01', 'X': None, 'Z': None, 'A': 'A-30', 'F': 'F1600.0'}
DEBUG:local_logging:Detected A: A-30 global_A: -28.2
DEBUG:local_logging:Global A: -28.2, local A: -1.8000000000000007
DEBUG:local_logging:Operation: X: None, Z: 28.0, A: -1.8000000000000007, F: 1600.0, Operation: G01
DEBUG:local_logging:Distance: 50.40000000000002 for X: None, Z: 28.0, A: -1.8000000000000007, F: 1600.0
DEBUG:local_logging:Old line: G01A-30.F1600.0

DEBUG:local_logging:New line: G01A-30.F0.0

DEBUG:local_logging:I: G01X60.0000A-30.F1600.0

DEBUG:local_logging:Dict of values: {'operation': 'G01', 'X': 'X60.0', 'Z': None, 'A': 'A-30', 'F': 'F1600.0'}
DEBUG:local_logging:Detected A: A-30 global_A: -30.0
DEBUG:local_logging:Global A: -30.0, local A: 0.0
DEBUG:local_logging:Operation: X: 60.0, Z: 28.0, A: 0.0, F: 1600.0, Operation: G01
DEBUG:local_logging:Distance: 60.0 for X: 60.0, Z: 28.0, A: 0.0, F: 1600.0
DEBUG:local_logging:Old line: G01X60.0000A-30.F1600.0

DEBUG:local_logging:New line: G01X60.0000A-30.F1600.0

DEBUG:local_logging:I: G01A-28.2352941F1600.0

DEBUG:local_logging:Dict of values: {'operation': 'G01', 'X': None, 'Z': None, 'A': 'A-28.2', 'F': 'F1600.0'}
DEBUG:local_logging:Detected A: A-28.2 global_A: -30.0
DEBUG:local_logging:Global A: -30.0, local A: 1.8000000000000007
DEBUG:local_logging:Operation: X: None, Z: 28.0, A: 1.8000000000000007, F: 1600.0, Operation: G01
DEBUG:local_logging:Distance: 50.40000000000002 for X: None, Z: 28.0, A: 1.8000000000000007, F: 1600.0
DEBUG:local_logging:Old line: G01A-28.2352941F1600.0

DEBUG:local_logging:New line: G01A-28.2352941F1904.8

DEBUG:local_logging:I: G01A-26.4705882F1600.0

DEBUG:local_logging:Dict of values: {'operation': 'G01', 'X': None, 'Z': None, 'A': 'A-26.4', 'F': 'F1600.0'}
DEBUG:local_logging:Detected A: A-26.4 global_A: -28.2
DEBUG:local_logging:Global A: -28.2, local A: 1.8000000000000007
DEBUG:local_logging:Operation: X: None, Z: 28.0, A: 1.8000000000000007, F: 1600.0, Operation: G01
DEBUG:local_logging:Distance: 50.40000000000002 for X: None, Z: 28.0, A: 1.8000000000000007, F: 1600.0
DEBUG:local_logging:Old line: G01A-26.4705882F1600.0

DEBUG:local_logging:New line: G01A-26.4705882F1904.8

DEBUG:local_logging:I: G01A-24.7058824F1600.0

DEBUG:local_logging:Dict of values: {'operation': 'G01', 'X': None, 'Z': None, 'A': 'A-24.7', 'F': 'F1600.0'}
DEBUG:local_logging:Detected A: A-24.7 global_A: -26.4
DEBUG:local_logging:Global A: -26.4, local A: 1.6999999999999993
DEBUG:local_logging:Operation: X: None, Z: 28.0, A: 1.6999999999999993, F: 1600.0, Operation: G01
DEBUG:local_logging:Distance: 47.59999999999998 for X: None, Z: 28.0, A: 1.6999999999999993, F: 1600.0
DEBUG:local_logging:Old line: G01A-24.7058824F1600.0

DEBUG:local_logging:New line: G01A-24.7058824F2016.8

DEBUG:local_logging:I: G01A-22.9411765F1600.0

DEBUG:local_logging:Dict of values: {'operation': 'G01', 'X': None, 'Z': None, 'A': 'A-22.9', 'F': 'F1600.0'}
DEBUG:local_logging:Detected A: A-22.9 global_A: -24.7
DEBUG:local_logging:Global A: -24.7, local A: 1.8000000000000007
DEBUG:local_logging:Operation: X: None, Z: 28.0, A: 1.8000000000000007, F: 1600.0, Operation: G01
DEBUG:local_logging:Distance: 50.40000000000002 for X: None, Z: 28.0, A: 1.8000000000000007, F: 1600.0
DEBUG:local_logging:Old line: G01A-22.9411765F1600.0

DEBUG:local_logging:New line: G01A-22.9411765F1904.8

DEBUG:local_logging:I: G01A-21.1764706F1600.0

DEBUG:local_logging:Dict of values: {'operation': 'G01', 'X': None, 'Z': None, 'A': 'A-21.1', 'F': 'F1600.0'}
DEBUG:local_logging:Detected A: A-21.1 global_A: -22.9
DEBUG:local_logging:Global A: -22.9, local A: 1.7999999999999972
DEBUG:local_logging:Operation: X: None, Z: 28.0, A: 1.7999999999999972, F: 1600.0, Operation: G01
DEBUG:local_logging:Distance: 50.39999999999992 for X: None, Z: 28.0, A: 1.7999999999999972, F: 1600.0
DEBUG:local_logging:Old line: G01A-21.1764706F1600.0

DEBUG:local_logging:New line: G01A-21.1764706F1904.8

DEBUG:local_logging:I: G01A-19.4117647F1600.0

DEBUG:local_logging:Dict of values: {'operation': 'G01', 'X': None, 'Z': None, 'A': 'A-19.4', 'F': 'F1600.0'}
DEBUG:local_logging:Detected A: A-19.4 global_A: -21.1
DEBUG:local_logging:Global A: -21.1, local A: 1.7000000000000028
DEBUG:local_logging:Operation: X: None, Z: 28.0, A: 1.7000000000000028, F: 1600.0, Operation: G01
DEBUG:local_logging:Distance: 47.60000000000008 for X: None, Z: 28.0, A: 1.7000000000000028, F: 1600.0
DEBUG:local_logging:Old line: G01A-19.4117647F1600.0

DEBUG:local_logging:New line: G01A-19.4117647F2016.8

DEBUG:local_logging:I: G01A-17.6470588F1600.0

DEBUG:local_logging:Dict of values: {'operation': 'G01', 'X': None, 'Z': None, 'A': 'A-17.6', 'F': 'F1600.0'}
DEBUG:local_logging:Detected A: A-17.6 global_A: -19.4
DEBUG:local_logging:Global A: -19.4, local A: 1.7999999999999972
DEBUG:local_logging:Operation: X: None, Z: 28.0, A: 1.7999999999999972, F: 1600.0, Operation: G01
DEBUG:local_logging:Distance: 50.39999999999992 for X: None, Z: 28.0, A: 1.7999999999999972, F: 1600.0
DEBUG:local_logging:Old line: G01A-17.6470588F1600.0

DEBUG:local_logging:New line: G01A-17.6470588F1904.8

DEBUG:local_logging:I: G01A-15.8823529F1600.0

DEBUG:local_logging:Dict of values: {'operation': 'G01', 'X': None, 'Z': None, 'A': 'A-15.8', 'F': 'F1600.0'}
DEBUG:local_logging:Detected A: A-15.8 global_A: -17.6
DEBUG:local_logging:Global A: -17.6, local A: 1.8000000000000007
DEBUG:local_logging:Operation: X: None, Z: 28.0, A: 1.8000000000000007, F: 1600.0, Operation: G01
DEBUG:local_logging:Distance: 50.40000000000002 for X: None, Z: 28.0, A: 1.8000000000000007, F: 1600.0
DEBUG:local_logging:Old line: G01A-15.8823529F1600.0

DEBUG:local_logging:New line: G01A-15.8823529F1904.8

DEBUG:local_logging:I: G01A-14.1176471F1600.0

DEBUG:local_logging:Dict of values: {'operation': 'G01', 'X': None, 'Z': None, 'A': 'A-14.1', 'F': 'F1600.0'}
DEBUG:local_logging:Detected A: A-14.1 global_A: -15.8
DEBUG:local_logging:Global A: -15.8, local A: 1.700000000000001
DEBUG:local_logging:Operation: X: None, Z: 28.0, A: 1.700000000000001, F: 1600.0, Operation: G01
DEBUG:local_logging:Distance: 47.60000000000003 for X: None, Z: 28.0, A: 1.700000000000001, F: 1600.0
DEBUG:local_logging:Old line: G01A-14.1176471F1600.0

DEBUG:local_logging:New line: G01A-14.1176471F2016.8

DEBUG:local_logging:I: G01A-12.3529412F1600.0

DEBUG:local_logging:Dict of values: {'operation': 'G01', 'X': None, 'Z': None, 'A': 'A-12.3', 'F': 'F1600.0'}
DEBUG:local_logging:Detected A: A-12.3 global_A: -14.1
DEBUG:local_logging:Global A: -14.1, local A: 1.799999999999999
DEBUG:local_logging:Operation: X: None, Z: 28.0, A: 1.799999999999999, F: 1600.0, Operation: G01
DEBUG:local_logging:Distance: 50.39999999999997 for X: None, Z: 28.0, A: 1.799999999999999, F: 1600.0
DEBUG:local_logging:Old line: G01A-12.3529412F1600.0

DEBUG:local_logging:New line: G01A-12.3529412F1904.8

DEBUG:local_logging:I: G01A-10.5882353F1600.0

DEBUG:local_logging:Dict of values: {'operation': 'G01', 'X': None, 'Z': None, 'A': 'A-10.5', 'F': 'F1600.0'}
DEBUG:local_logging:Detected A: A-10.5 global_A: -12.3
DEBUG:local_logging:Global A: -12.3, local A: 1.8000000000000007
DEBUG:local_logging:Operation: X: None, Z: 28.0, A: 1.8000000000000007, F: 1600.0, Operation: G01
DEBUG:local_logging:Distance: 50.40000000000002 for X: None, Z: 28.0, A: 1.8000000000000007, F: 1600.0
DEBUG:local_logging:Old line: G01A-10.5882353F1600.0

DEBUG:local_logging:New line: G01A-10.5882353F1904.8

DEBUG:local_logging:I: G01A-8.8235294F1600.0

DEBUG:local_logging:Dict of values: {'operation': 'G01', 'X': None, 'Z': None, 'A': 'A-8.8', 'F': 'F1600.0'}
DEBUG:local_logging:Detected A: A-8.8 global_A: -10.5
DEBUG:local_logging:Global A: -10.5, local A: 1.6999999999999993
DEBUG:local_logging:Operation: X: None, Z: 28.0, A: 1.6999999999999993, F: 1600.0, Operation: G01
DEBUG:local_logging:Distance: 47.59999999999998 for X: None, Z: 28.0, A: 1.6999999999999993, F: 1600.0
DEBUG:local_logging:Old line: G01A-8.8235294F1600.0

DEBUG:local_logging:New line: G01A-8.8235294F2016.8

DEBUG:local_logging:I: G01A-7.0588235F1600.0

DEBUG:local_logging:Dict of values: {'operation': 'G01', 'X': None, 'Z': None, 'A': 'A-7.0', 'F': 'F1600.0'}
DEBUG:local_logging:Detected A: A-7.0 global_A: -8.8
DEBUG:local_logging:Global A: -8.8, local A: 1.8000000000000007
DEBUG:local_logging:Operation: X: None, Z: 28.0, A: 1.8000000000000007, F: 1600.0, Operation: G01
DEBUG:local_logging:Distance: 50.40000000000002 for X: None, Z: 28.0, A: 1.8000000000000007, F: 1600.0
DEBUG:local_logging:Old line: G01A-7.0588235F1600.0

DEBUG:local_logging:New line: G01A-7.0588235F1904.8

DEBUG:local_logging:I: G01A-5.2941177F1600.0

DEBUG:local_logging:Dict of values: {'operation': 'G01', 'X': None, 'Z': None, 'A': 'A-5.2', 'F': 'F1600.0'}
DEBUG:local_logging:Detected A: A-5.2 global_A: -7.0
DEBUG:local_logging:Global A: -7.0, local A: 1.7999999999999998
DEBUG:local_logging:Operation: X: None, Z: 28.0, A: 1.7999999999999998, F: 1600.0, Operation: G01
DEBUG:local_logging:Distance: 50.39999999999999 for X: None, Z: 28.0, A: 1.7999999999999998, F: 1600.0
DEBUG:local_logging:Old line: G01A-5.2941177F1600.0

DEBUG:local_logging:New line: G01A-5.2941177F1904.8

DEBUG:local_logging:I: G01A-3.5294118F1600.0

DEBUG:local_logging:Dict of values: {'operation': 'G01', 'X': None, 'Z': None, 'A': 'A-3.5', 'F': 'F1600.0'}
DEBUG:local_logging:Detected A: A-3.5 global_A: -5.2
DEBUG:local_logging:Global A: -5.2, local A: 1.7000000000000002
DEBUG:local_logging:Operation: X: None, Z: 28.0, A: 1.7000000000000002, F: 1600.0, Operation: G01
DEBUG:local_logging:Distance: 47.60000000000001 for X: None, Z: 28.0, A: 1.7000000000000002, F: 1600.0
DEBUG:local_logging:Old line: G01A-3.5294118F1600.0

DEBUG:local_logging:New line: G01A-3.5294118F2016.8

DEBUG:local_logging:I: G01A-1.7647059F1600.0

DEBUG:local_logging:Dict of values: {'operation': 'G01', 'X': None, 'Z': None, 'A': 'A-1.7', 'F': 'F1600.0'}
DEBUG:local_logging:Detected A: A-1.7 global_A: -3.5
DEBUG:local_logging:Global A: -3.5, local A: 1.8
DEBUG:local_logging:Operation: X: None, Z: 28.0, A: 1.8, F: 1600.0, Operation: G01
DEBUG:local_logging:Distance: 50.4 for X: None, Z: 28.0, A: 1.8, F: 1600.0
DEBUG:local_logging:Old line: G01A-1.7647059F1600.0

DEBUG:local_logging:New line: G01A-1.7647059F1904.8

DEBUG:local_logging:I: G01A0.0F1600.0

DEBUG:local_logging:Dict of values: {'operation': 'G01', 'X': None, 'Z': None, 'A': 'A0.0', 'F': 'F1600.0'}
DEBUG:local_logging:Detected A: A0.0 global_A: -1.7
DEBUG:local_logging:Global A: -1.7, local A: 1.7
DEBUG:local_logging:Operation: X: None, Z: 28.0, A: 1.7, F: 1600.0, Operation: G01
DEBUG:local_logging:Distance: 47.6 for X: None, Z: 28.0, A: 1.7, F: 1600.0
DEBUG:local_logging:Old line: G01A0.0F1600.0

DEBUG:local_logging:New line: G01A0.0F2016.8

DEBUG:local_logging:I: G01A1.7647059F1600.0

DEBUG:local_logging:Dict of values: {'operation': 'G01', 'X': None, 'Z': None, 'A': 'A1.7', 'F': 'F1600.0'}
DEBUG:local_logging:Detected A: A1.7 global_A: 0.0
DEBUG:local_logging:Global A: 0.0, local A: 1.7
DEBUG:local_logging:Operation: X: None, Z: 28.0, A: 1.7, F: 1600.0, Operation: G01
DEBUG:local_logging:Distance: 47.6 for X: None, Z: 28.0, A: 1.7, F: 1600.0
DEBUG:local_logging:Old line: G01A1.7647059F1600.0

DEBUG:local_logging:New line: G01A1.7647059F2016.8

DEBUG:local_logging:I: G01A3.5294118F1600.0

DEBUG:local_logging:Dict of values: {'operation': 'G01', 'X': None, 'Z': None, 'A': 'A3.5', 'F': 'F1600.0'}
DEBUG:local_logging:Detected A: A3.5 global_A: 1.7
DEBUG:local_logging:Global A: 1.7, local A: 1.8
DEBUG:local_logging:Operation: X: None, Z: 28.0, A: 1.8, F: 1600.0, Operation: G01
DEBUG:local_logging:Distance: 50.4 for X: None, Z: 28.0, A: 1.8, F: 1600.0
DEBUG:local_logging:Old line: G01A3.5294118F1600.0

DEBUG:local_logging:New line: G01A3.5294118F1904.8

DEBUG:local_logging:I: G01A5.2941177F1600.0

DEBUG:local_logging:Dict of values: {'operation': 'G01', 'X': None, 'Z': None, 'A': 'A5.2', 'F': 'F1600.0'}
DEBUG:local_logging:Detected A: A5.2 global_A: 3.5
DEBUG:local_logging:Global A: 3.5, local A: 1.7000000000000002
DEBUG:local_logging:Operation: X: None, Z: 28.0, A: 1.7000000000000002, F: 1600.0, Operation: G01
DEBUG:local_logging:Distance: 47.60000000000001 for X: None, Z: 28.0, A: 1.7000000000000002, F: 1600.0
DEBUG:local_logging:Old line: G01A5.2941177F1600.0

DEBUG:local_logging:New line: G01A5.2941177F2016.8

DEBUG:local_logging:I: G01A7.0588235F1600.0

DEBUG:local_logging:Dict of values: {'operation': 'G01', 'X': None, 'Z': None, 'A': 'A7.0', 'F': 'F1600.0'}
DEBUG:local_logging:Detected A: A7.0 global_A: 5.2
DEBUG:local_logging:Global A: 5.2, local A: 1.7999999999999998
DEBUG:local_logging:Operation: X: None, Z: 28.0, A: 1.7999999999999998, F: 1600.0, Operation: G01
DEBUG:local_logging:Distance: 50.39999999999999 for X: None, Z: 28.0, A: 1.7999999999999998, F: 1600.0
DEBUG:local_logging:Old line: G01A7.0588235F1600.0

DEBUG:local_logging:New line: G01A7.0588235F1904.8

DEBUG:local_logging:I: G01A8.8235294F1600.0

DEBUG:local_logging:Dict of values: {'operation': 'G01', 'X': None, 'Z': None, 'A': 'A8.8', 'F': 'F1600.0'}
DEBUG:local_logging:Detected A: A8.8 global_A: 7.0
DEBUG:local_logging:Global A: 7.0, local A: 1.8000000000000007
DEBUG:local_logging:Operation: X: None, Z: 28.0, A: 1.8000000000000007, F: 1600.0, Operation: G01
DEBUG:local_logging:Distance: 50.40000000000002 for X: None, Z: 28.0, A: 1.8000000000000007, F: 1600.0
DEBUG:local_logging:Old line: G01A8.8235294F1600.0

DEBUG:local_logging:New line: G01A8.8235294F1904.8

DEBUG:local_logging:I: G01A10.5882353F1600.0

DEBUG:local_logging:Dict of values: {'operation': 'G01', 'X': None, 'Z': None, 'A': 'A10.5', 'F': 'F1600.0'}
DEBUG:local_logging:Detected A: A10.5 global_A: 8.8
DEBUG:local_logging:Global A: 8.8, local A: 1.6999999999999993
DEBUG:local_logging:Operation: X: None, Z: 28.0, A: 1.6999999999999993, F: 1600.0, Operation: G01
DEBUG:local_logging:Distance: 47.59999999999998 for X: None, Z: 28.0, A: 1.6999999999999993, F: 1600.0
DEBUG:local_logging:Old line: G01A10.5882353F1600.0

DEBUG:local_logging:New line: G01A10.5882353F2016.8

DEBUG:local_logging:I: G01A12.3529412F1600.0

DEBUG:local_logging:Dict of values: {'operation': 'G01', 'X': None, 'Z': None, 'A': 'A12.3', 'F': 'F1600.0'}
DEBUG:local_logging:Detected A: A12.3 global_A: 10.5
DEBUG:local_logging:Global A: 10.5, local A: 1.8000000000000007
DEBUG:local_logging:Operation: X: None, Z: 28.0, A: 1.8000000000000007, F: 1600.0, Operation: G01
DEBUG:local_logging:Distance: 50.40000000000002 for X: None, Z: 28.0, A: 1.8000000000000007, F: 1600.0
DEBUG:local_logging:Old line: G01A12.3529412F1600.0

DEBUG:local_logging:New line: G01A12.3529412F1904.8

DEBUG:local_logging:I: G01A14.1176471F1600.0

DEBUG:local_logging:Dict of values: {'operation': 'G01', 'X': None, 'Z': None, 'A': 'A14.1', 'F': 'F1600.0'}
DEBUG:local_logging:Detected A: A14.1 global_A: 12.3
DEBUG:local_logging:Global A: 12.3, local A: 1.799999999999999
DEBUG:local_logging:Operation: X: None, Z: 28.0, A: 1.799999999999999, F: 1600.0, Operation: G01
DEBUG:local_logging:Distance: 50.39999999999997 for X: None, Z: 28.0, A: 1.799999999999999, F: 1600.0
DEBUG:local_logging:Old line: G01A14.1176471F1600.0

DEBUG:local_logging:New line: G01A14.1176471F1904.8

DEBUG:local_logging:I: G01A15.8823529F1600.0

DEBUG:local_logging:Dict of values: {'operation': 'G01', 'X': None, 'Z': None, 'A': 'A15.8', 'F': 'F1600.0'}
DEBUG:local_logging:Detected A: A15.8 global_A: 14.1
DEBUG:local_logging:Global A: 14.1, local A: 1.700000000000001
DEBUG:local_logging:Operation: X: None, Z: 28.0, A: 1.700000000000001, F: 1600.0, Operation: G01
DEBUG:local_logging:Distance: 47.60000000000003 for X: None, Z: 28.0, A: 1.700000000000001, F: 1600.0
DEBUG:local_logging:Old line: G01A15.8823529F1600.0

DEBUG:local_logging:New line: G01A15.8823529F2016.8

DEBUG:local_logging:I: G01A17.6470588F1600.0

DEBUG:local_logging:Dict of values: {'operation': 'G01', 'X': None, 'Z': None, 'A': 'A17.6', 'F': 'F1600.0'}
DEBUG:local_logging:Detected A: A17.6 global_A: 15.8
DEBUG:local_logging:Global A: 15.8, local A: 1.8000000000000007
DEBUG:local_logging:Operation: X: None, Z: 28.0, A: 1.8000000000000007, F: 1600.0, Operation: G01
DEBUG:local_logging:Distance: 50.40000000000002 for X: None, Z: 28.0, A: 1.8000000000000007, F: 1600.0
DEBUG:local_logging:Old line: G01A17.6470588F1600.0

DEBUG:local_logging:New line: G01A17.6470588F1904.8

DEBUG:local_logging:I: G01A19.4117647F1600.0

DEBUG:local_logging:Dict of values: {'operation': 'G01', 'X': None, 'Z': None, 'A': 'A19.4', 'F': 'F1600.0'}
DEBUG:local_logging:Detected A: A19.4 global_A: 17.6
DEBUG:local_logging:Global A: 17.6, local A: 1.7999999999999972
DEBUG:local_logging:Operation: X: None, Z: 28.0, A: 1.7999999999999972, F: 1600.0, Operation: G01
DEBUG:local_logging:Distance: 50.39999999999992 for X: None, Z: 28.0, A: 1.7999999999999972, F: 1600.0
DEBUG:local_logging:Old line: G01A19.4117647F1600.0

DEBUG:local_logging:New line: G01A19.4117647F1904.8

DEBUG:local_logging:I: G01A21.1764706F1600.0

DEBUG:local_logging:Dict of values: {'operation': 'G01', 'X': None, 'Z': None, 'A': 'A21.1', 'F': 'F1600.0'}
DEBUG:local_logging:Detected A: A21.1 global_A: 19.4
DEBUG:local_logging:Global A: 19.4, local A: 1.7000000000000028
DEBUG:local_logging:Operation: X: None, Z: 28.0, A: 1.7000000000000028, F: 1600.0, Operation: G01
DEBUG:local_logging:Distance: 47.60000000000008 for X: None, Z: 28.0, A: 1.7000000000000028, F: 1600.0
DEBUG:local_logging:Old line: G01A21.1764706F1600.0

DEBUG:local_logging:New line: G01A21.1764706F2016.8

DEBUG:local_logging:I: G01A22.9411765F1600.0

DEBUG:local_logging:Dict of values: {'operation': 'G01', 'X': None, 'Z': None, 'A': 'A22.9', 'F': 'F1600.0'}
DEBUG:local_logging:Detected A: A22.9 global_A: 21.1
DEBUG:local_logging:Global A: 21.1, local A: 1.7999999999999972
DEBUG:local_logging:Operation: X: None, Z: 28.0, A: 1.7999999999999972, F: 1600.0, Operation: G01
DEBUG:local_logging:Distance: 50.39999999999992 for X: None, Z: 28.0, A: 1.7999999999999972, F: 1600.0
DEBUG:local_logging:Old line: G01A22.9411765F1600.0

DEBUG:local_logging:New line: G01A22.9411765F1904.8

DEBUG:local_logging:I: G01A24.7058824F1600.0

DEBUG:local_logging:Dict of values: {'operation': 'G01', 'X': None, 'Z': None, 'A': 'A24.7', 'F': 'F1600.0'}
DEBUG:local_logging:Detected A: A24.7 global_A: 22.9
DEBUG:local_logging:Global A: 22.9, local A: 1.8000000000000007
DEBUG:local_logging:Operation: X: None, Z: 28.0, A: 1.8000000000000007, F: 1600.0, Operation: G01
DEBUG:local_logging:Distance: 50.40000000000002 for X: None, Z: 28.0, A: 1.8000000000000007, F: 1600.0
DEBUG:local_logging:Old line: G01A24.7058824F1600.0

DEBUG:local_logging:New line: G01A24.7058824F1904.8

DEBUG:local_logging:I: G01A26.4705882F1600.0

DEBUG:local_logging:Dict of values: {'operation': 'G01', 'X': None, 'Z': None, 'A': 'A26.4', 'F': 'F1600.0'}
DEBUG:local_logging:Detected A: A26.4 global_A: 24.7
DEBUG:local_logging:Global A: 24.7, local A: 1.6999999999999993
DEBUG:local_logging:Operation: X: None, Z: 28.0, A: 1.6999999999999993, F: 1600.0, Operation: G01
DEBUG:local_logging:Distance: 47.59999999999998 for X: None, Z: 28.0, A: 1.6999999999999993, F: 1600.0
DEBUG:local_logging:Old line: G01A26.4705882F1600.0

DEBUG:local_logging:New line: G01A26.4705882F2016.8

DEBUG:local_logging:I: G01A28.2352941F1600.0

DEBUG:local_logging:Dict of values: {'operation': 'G01', 'X': None, 'Z': None, 'A': 'A28.2', 'F': 'F1600.0'}
DEBUG:local_logging:Detected A: A28.2 global_A: 26.4
DEBUG:local_logging:Global A: 26.4, local A: 1.8000000000000007
DEBUG:local_logging:Operation: X: None, Z: 28.0, A: 1.8000000000000007, F: 1600.0, Operation: G01
DEBUG:local_logging:Distance: 50.40000000000002 for X: None, Z: 28.0, A: 1.8000000000000007, F: 1600.0
DEBUG:local_logging:Old line: G01A28.2352941F1600.0

DEBUG:local_logging:New line: G01A28.2352941F1904.8

DEBUG:local_logging:I: G01A30.F1600.0

DEBUG:local_logging:Dict of values: {'operation': 'G01', 'X': None, 'Z': None, 'A': 'A30', 'F': 'F1600.0'}
DEBUG:local_logging:Detected A: A30 global_A: 28.2
DEBUG:local_logging:Global A: 28.2, local A: 1.8000000000000007
DEBUG:local_logging:Operation: X: None, Z: 28.0, A: 1.8000000000000007, F: 1600.0, Operation: G01
DEBUG:local_logging:Distance: 50.40000000000002 for X: None, Z: 28.0, A: 1.8000000000000007, F: 1600.0
DEBUG:local_logging:Old line: G01A30.F1600.0

DEBUG:local_logging:New line: G01A30.F1904.8

DEBUG:local_logging:I: G01X20.0000A30.F1600.0

DEBUG:local_logging:Dict of values: {'operation': 'G01', 'X': 'X20.0', 'Z': None, 'A': 'A30', 'F': 'F1600.0'}
DEBUG:local_logging:Detected A: A30 global_A: 30.0
DEBUG:local_logging:Global A: 30.0, local A: 0.0
DEBUG:local_logging:Operation: X: -40.0, Z: 28.0, A: 0.0, F: 1600.0, Operation: G01
DEBUG:local_logging:Distance: 40.0 for X: -40.0, Z: 28.0, A: 0.0, F: 1600.0
DEBUG:local_logging:Old line: G01X20.0000A30.F1600.0

DEBUG:local_logging:New line: G01X20.0000A30.F800.0

DEBUG:local_logging:I: G01A28.2352941F1600.0

DEBUG:local_logging:Dict of values: {'operation': 'G01', 'X': None, 'Z': None, 'A': 'A28.2', 'F': 'F1600.0'}
DEBUG:local_logging:Detected A: A28.2 global_A: 30.0
DEBUG:local_logging:Global A: 30.0, local A: -1.8000000000000007
DEBUG:local_logging:Operation: X: None, Z: 28.0, A: -1.8000000000000007, F: 1600.0, Operation: G01
DEBUG:local_logging:Distance: 50.40000000000002 for X: None, Z: 28.0, A: -1.8000000000000007, F: 1600.0
DEBUG:local_logging:Old line: G01A28.2352941F1600.0

DEBUG:local_logging:New line: G01A28.2352941F634.9

DEBUG:local_logging:I: G01A26.4705882F1600.0

DEBUG:local_logging:Dict of values: {'operation': 'G01', 'X': None, 'Z': None, 'A': 'A26.4', 'F': 'F1600.0'}
DEBUG:local_logging:Detected A: A26.4 global_A: 28.2
DEBUG:local_logging:Global A: 28.2, local A: -1.8000000000000007
DEBUG:local_logging:Operation: X: None, Z: 28.0, A: -1.8000000000000007, F: 1600.0, Operation: G01
DEBUG:local_logging:Distance: 50.40000000000002 for X: None, Z: 28.0, A: -1.8000000000000007, F: 1600.0
DEBUG:local_logging:Old line: G01A26.4705882F1600.0

DEBUG:local_logging:New line: G01A26.4705882F634.9

DEBUG:local_logging:I: G01A24.7058824F1600.0

DEBUG:local_logging:Dict of values: {'operation': 'G01', 'X': None, 'Z': None, 'A': 'A24.7', 'F': 'F1600.0'}
DEBUG:local_logging:Detected A: A24.7 global_A: 26.4
DEBUG:local_logging:Global A: 26.4, local A: -1.6999999999999993
DEBUG:local_logging:Operation: X: None, Z: 28.0, A: -1.6999999999999993, F: 1600.0, Operation: G01
DEBUG:local_logging:Distance: 47.59999999999998 for X: None, Z: 28.0, A: -1.6999999999999993, F: 1600.0
DEBUG:local_logging:Old line: G01A24.7058824F1600.0

DEBUG:local_logging:New line: G01A24.7058824F672.3

DEBUG:local_logging:I: G01A22.9411765F1600.0

DEBUG:local_logging:Dict of values: {'operation': 'G01', 'X': None, 'Z': None, 'A': 'A22.9', 'F': 'F1600.0'}
DEBUG:local_logging:Detected A: A22.9 global_A: 24.7
DEBUG:local_logging:Global A: 24.7, local A: -1.8000000000000007
DEBUG:local_logging:Operation: X: None, Z: 28.0, A: -1.8000000000000007, F: 1600.0, Operation: G01
DEBUG:local_logging:Distance: 50.40000000000002 for X: None, Z: 28.0, A: -1.8000000000000007, F: 1600.0
DEBUG:local_logging:Old line: G01A22.9411765F1600.0

DEBUG:local_logging:New line: G01A22.9411765F634.9

DEBUG:local_logging:I: G01A21.1764706F1600.0

DEBUG:local_logging:Dict of values: {'operation': 'G01', 'X': None, 'Z': None, 'A': 'A21.1', 'F': 'F1600.0'}
DEBUG:local_logging:Detected A: A21.1 global_A: 22.9
DEBUG:local_logging:Global A: 22.9, local A: -1.7999999999999972
DEBUG:local_logging:Operation: X: None, Z: 28.0, A: -1.7999999999999972, F: 1600.0, Operation: G01
DEBUG:local_logging:Distance: 50.39999999999992 for X: None, Z: 28.0, A: -1.7999999999999972, F: 1600.0
DEBUG:local_logging:Old line: G01A21.1764706F1600.0

DEBUG:local_logging:New line: G01A21.1764706F634.9

DEBUG:local_logging:I: G01A19.4117647F1600.0

DEBUG:local_logging:Dict of values: {'operation': 'G01', 'X': None, 'Z': None, 'A': 'A19.4', 'F': 'F1600.0'}
DEBUG:local_logging:Detected A: A19.4 global_A: 21.1
DEBUG:local_logging:Global A: 21.1, local A: -1.7000000000000028
DEBUG:local_logging:Operation: X: None, Z: 28.0, A: -1.7000000000000028, F: 1600.0, Operation: G01
DEBUG:local_logging:Distance: 47.60000000000008 for X: None, Z: 28.0, A: -1.7000000000000028, F: 1600.0
DEBUG:local_logging:Old line: G01A19.4117647F1600.0

DEBUG:local_logging:New line: G01A19.4117647F672.3

DEBUG:local_logging:I: G01A17.6470588F1600.0

DEBUG:local_logging:Dict of values: {'operation': 'G01', 'X': None, 'Z': None, 'A': 'A17.6', 'F': 'F1600.0'}
DEBUG:local_logging:Detected A: A17.6 global_A: 19.4
DEBUG:local_logging:Global A: 19.4, local A: -1.7999999999999972
DEBUG:local_logging:Operation: X: None, Z: 28.0, A: -1.7999999999999972, F: 1600.0, Operation: G01
DEBUG:local_logging:Distance: 50.39999999999992 for X: None, Z: 28.0, A: -1.7999999999999972, F: 1600.0
DEBUG:local_logging:Old line: G01A17.6470588F1600.0

DEBUG:local_logging:New line: G01A17.6470588F634.9

DEBUG:local_logging:I: G01A15.8823529F1600.0

DEBUG:local_logging:Dict of values: {'operation': 'G01', 'X': None, 'Z': None, 'A': 'A15.8', 'F': 'F1600.0'}
DEBUG:local_logging:Detected A: A15.8 global_A: 17.6
DEBUG:local_logging:Global A: 17.6, local A: -1.8000000000000007
DEBUG:local_logging:Operation: X: None, Z: 28.0, A: -1.8000000000000007, F: 1600.0, Operation: G01
DEBUG:local_logging:Distance: 50.40000000000002 for X: None, Z: 28.0, A: -1.8000000000000007, F: 1600.0
DEBUG:local_logging:Old line: G01A15.8823529F1600.0

DEBUG:local_logging:New line: G01A15.8823529F634.9

DEBUG:local_logging:I: G01A14.1176471F1600.0

DEBUG:local_logging:Dict of values: {'operation': 'G01', 'X': None, 'Z': None, 'A': 'A14.1', 'F': 'F1600.0'}
DEBUG:local_logging:Detected A: A14.1 global_A: 15.8
DEBUG:local_logging:Global A: 15.8, local A: -1.700000000000001
DEBUG:local_logging:Operation: X: None, Z: 28.0, A: -1.700000000000001, F: 1600.0, Operation: G01
DEBUG:local_logging:Distance: 47.60000000000003 for X: None, Z: 28.0, A: -1.700000000000001, F: 1600.0
DEBUG:local_logging:Old line: G01A14.1176471F1600.0

DEBUG:local_logging:New line: G01A14.1176471F672.3

DEBUG:local_logging:I: G01A12.3529412F1600.0

DEBUG:local_logging:Dict of values: {'operation': 'G01', 'X': None, 'Z': None, 'A': 'A12.3', 'F': 'F1600.0'}
DEBUG:local_logging:Detected A: A12.3 global_A: 14.1
DEBUG:local_logging:Global A: 14.1, local A: -1.799999999999999
DEBUG:local_logging:Operation: X: None, Z: 28.0, A: -1.799999999999999, F: 1600.0, Operation: G01
DEBUG:local_logging:Distance: 50.39999999999997 for X: None, Z: 28.0, A: -1.799999999999999, F: 1600.0
DEBUG:local_logging:Old line: G01A12.3529412F1600.0

DEBUG:local_logging:New line: G01A12.3529412F634.9

DEBUG:local_logging:I: G01A10.5882353F1600.0

DEBUG:local_logging:Dict of values: {'operation': 'G01', 'X': None, 'Z': None, 'A': 'A10.5', 'F': 'F1600.0'}
DEBUG:local_logging:Detected A: A10.5 global_A: 12.3
DEBUG:local_logging:Global A: 12.3, local A: -1.8000000000000007
DEBUG:local_logging:Operation: X: None, Z: 28.0, A: -1.8000000000000007, F: 1600.0, Operation: G01
DEBUG:local_logging:Distance: 50.40000000000002 for X: None, Z: 28.0, A: -1.8000000000000007, F: 1600.0
DEBUG:local_logging:Old line: G01A10.5882353F1600.0

DEBUG:local_logging:New line: G01A10.5882353F634.9

DEBUG:local_logging:I: G01A8.8235294F1600.0

DEBUG:local_logging:Dict of values: {'operation': 'G01', 'X': None, 'Z': None, 'A': 'A8.8', 'F': 'F1600.0'}
DEBUG:local_logging:Detected A: A8.8 global_A: 10.5
DEBUG:local_logging:Global A: 10.5, local A: -1.6999999999999993
DEBUG:local_logging:Operation: X: None, Z: 28.0, A: -1.6999999999999993, F: 1600.0, Operation: G01
DEBUG:local_logging:Distance: 47.59999999999998 for X: None, Z: 28.0, A: -1.6999999999999993, F: 1600.0
DEBUG:local_logging:Old line: G01A8.8235294F1600.0

DEBUG:local_logging:New line: G01A8.8235294F672.3

DEBUG:local_logging:I: G01A7.0588235F1600.0

DEBUG:local_logging:Dict of values: {'operation': 'G01', 'X': None, 'Z': None, 'A': 'A7.0', 'F': 'F1600.0'}
DEBUG:local_logging:Detected A: A7.0 global_A: 8.8
DEBUG:local_logging:Global A: 8.8, local A: -1.8000000000000007
DEBUG:local_logging:Operation: X: None, Z: 28.0, A: -1.8000000000000007, F: 1600.0, Operation: G01
DEBUG:local_logging:Distance: 50.40000000000002 for X: None, Z: 28.0, A: -1.8000000000000007, F: 1600.0
DEBUG:local_logging:Old line: G01A7.0588235F1600.0

DEBUG:local_logging:New line: G01A7.0588235F634.9

DEBUG:local_logging:I: G01A5.2941177F1600.0

DEBUG:local_logging:Dict of values: {'operation': 'G01', 'X': None, 'Z': None, 'A': 'A5.2', 'F': 'F1600.0'}
DEBUG:local_logging:Detected A: A5.2 global_A: 7.0
DEBUG:local_logging:Global A: 7.0, local A: -1.7999999999999998
DEBUG:local_logging:Operation: X: None, Z: 28.0, A: -1.7999999999999998, F: 1600.0, Operation: G01
DEBUG:local_logging:Distance: 50.39999999999999 for X: None, Z: 28.0, A: -1.7999999999999998, F: 1600.0
DEBUG:local_logging:Old line: G01A5.2941177F1600.0

DEBUG:local_logging:New line: G01A5.2941177F634.9

DEBUG:local_logging:I: G01A3.5294118F1600.0

DEBUG:local_logging:Dict of values: {'operation': 'G01', 'X': None, 'Z': None, 'A': 'A3.5', 'F': 'F1600.0'}
DEBUG:local_logging:Detected A: A3.5 global_A: 5.2
DEBUG:local_logging:Global A: 5.2, local A: -1.7000000000000002
DEBUG:local_logging:Operation: X: None, Z: 28.0, A: -1.7000000000000002, F: 1600.0, Operation: G01
DEBUG:local_logging:Distance: 47.60000000000001 for X: None, Z: 28.0, A: -1.7000000000000002, F: 1600.0
DEBUG:local_logging:Old line: G01A3.5294118F1600.0

DEBUG:local_logging:New line: G01A3.5294118F672.3

DEBUG:local_logging:I: G01A1.7647059F1600.0

DEBUG:local_logging:Dict of values: {'operation': 'G01', 'X': None, 'Z': None, 'A': 'A1.7', 'F': 'F1600.0'}
DEBUG:local_logging:Detected A: A1.7 global_A: 3.5
DEBUG:local_logging:Global A: 3.5, local A: -1.8
DEBUG:local_logging:Operation: X: None, Z: 28.0, A: -1.8, F: 1600.0, Operation: G01
DEBUG:local_logging:Distance: 50.4 for X: None, Z: 28.0, A: -1.8, F: 1600.0
DEBUG:local_logging:Old line: G01A1.7647059F1600.0

DEBUG:local_logging:New line: G01A1.7647059F634.9

DEBUG:local_logging:I: G01A0.0F1600.0

DEBUG:local_logging:Dict of values: {'operation': 'G01', 'X': None, 'Z': None, 'A': 'A0.0', 'F': 'F1600.0'}
DEBUG:local_logging:Detected A: A0.0 global_A: 1.7
DEBUG:local_logging:Global A: 1.7, local A: -1.7
DEBUG:local_logging:Operation: X: None, Z: 28.0, A: -1.7, F: 1600.0, Operation: G01
DEBUG:local_logging:Distance: 47.6 for X: None, Z: 28.0, A: -1.7, F: 1600.0
DEBUG:local_logging:Old line: G01A0.0F1600.0

DEBUG:local_logging:New line: G01A0.0F672.3

DEBUG:local_logging:NI: F2500.0

DEBUG:local_logging:I: G01Z36.0084A0.0F2500.0

DEBUG:local_logging:Dict of values: {'operation': 'G01', 'X': None, 'Z': 'Z36.0', 'A': 'A0.0', 'F': 'F2500.0'}
DEBUG:local_logging:Detected A: A0.0 global_A: 0.0
DEBUG:local_logging:Global A: 0.0, local A: 0.0
DEBUG:local_logging:Operation: X: None, Z: 36.0, A: 0.0, F: 2500.0, Operation: G01
DEBUG:local_logging:Old line: G01Z36.0084A0.0F2500.0

DEBUG:local_logging:New line: G01Z36.0084A0.0F2500.0

DEBUG:local_logging:NI: (Prostok?t obrócony 20st)

DEBUG:local_logging:NI: ()

DEBUG:local_logging:NI: (-------------------------------------------------------------------------------------)

DEBUG:local_logging:NI: (  Pobranie TOOL 11 - FlatMill 4 )

DEBUG:local_logging:NI: (  Dlugosc  40.0 mm - DIA 4.0 mm - FLUTE 2 )

DEBUG:local_logging:NI: (-------------------------------------------------------------------------------------)

DEBUG:local_logging:NI: M01 M05

DEBUG:local_logging:NI: G53 G00 G90 Z0.0

DEBUG:local_logging:NI: G53 G00 X50.0 Y0.0

DEBUG:local_logging:NI: M6 T11

DEBUG:local_logging:NI: G53 G00 G90 Z0.0

DEBUG:local_logging:NI: S18000 M03

DEBUG:local_logging:NI: G00 X0.0 Y0.0

DEBUG:local_logging:NI: ()

DEBUG:local_logging:NI: G00X121.1759Y-0.0000Z36.0084A-3.9542578F2500.0

DEBUG:local_logging:NI: F1500.0

DEBUG:local_logging:I: G01Z27.0023A-3.9542578F1500.0

DEBUG:local_logging:Dict of values: {'operation': 'G01', 'X': None, 'Z': 'Z27.0', 'A': 'A-3.9', 'F': 'F1500.0'}
DEBUG:local_logging:Detected A: A-3.9 global_A: 0.0
DEBUG:local_logging:Global A: 0.0, local A: -3.9
DEBUG:local_logging:Operation: X: None, Z: 27.0, A: -3.9, F: 1500.0, Operation: G01
DEBUG:local_logging:Distance: 105.3 for X: None, Z: 27.0, A: -3.9, F: 1500.0
DEBUG:local_logging:Old line: G01Z27.0023A-3.9542578F1500.0

DEBUG:local_logging:New line: G01Z27.0023A-3.9542578F284.9

DEBUG:local_logging:NI: ()

DEBUG:local_logging:NI: ( START ciecie )

DEBUG:local_logging:NI: ()

DEBUG:local_logging:NI: F1600.0

DEBUG:local_logging:I: G01X118.7770Z27.0066A-6.7015563F1600.0

DEBUG:local_logging:Dict of values: {'operation': 'G01', 'X': 'X118.7', 'Z': 'Z27.0', 'A': 'A-6.7', 'F': 'F1600.0'}
DEBUG:local_logging:Detected A: A-6.7 global_A: -3.9
DEBUG:local_logging:Global A: -3.9, local A: -2.8000000000000003
DEBUG:local_logging:Operation: X: 98.7, Z: 27.0, A: -2.8000000000000003, F: 1600.0, Operation: G01
DEBUG:local_logging:Distance: 124.32638497117176 for X: 98.7, Z: 27.0, A: -2.8000000000000003, F: 1600.0
DEBUG:local_logging:Old line: G01X118.7770Z27.0066A-6.7015563F1600.0

DEBUG:local_logging:New line: G01X118.7770Z27.0066A-6.7015563F1527.6

DEBUG:local_logging:I: G01X116.3721Z27.0132A-9.4698126F1600.0

DEBUG:local_logging:Dict of values: {'operation': 'G01', 'X': 'X116.3', 'Z': 'Z27.0', 'A': 'A-9.4', 'F': 'F1600.0'}
DEBUG:local_logging:Detected A: A-9.4 global_A: -6.7
DEBUG:local_logging:Global A: -6.7, local A: -2.7
DEBUG:local_logging:Operation: X: -2.4000000000000057, Z: 27.0, A: -2.7, F: 1600.0, Operation: G01
DEBUG:local_logging:Distance: 72.93949547398859 for X: -2.4000000000000057, Z: 27.0, A: -2.7, F: 1600.0
DEBUG:local_logging:Old line: G01X116.3721Z27.0132A-9.4698126F1600.0

DEBUG:local_logging:New line: G01X116.3721Z27.0132A-9.4698126F2551.2

DEBUG:local_logging:I: G01X113.9692Z27.0220A-12.2559926F1600.0

DEBUG:local_logging:Dict of values: {'operation': 'G01', 'X': 'X113.9', 'Z': 'Z27.0', 'A': 'A-12.2', 'F': 'F1600.0'}
DEBUG:local_logging:Detected A: A-12.2 global_A: -9.4
DEBUG:local_logging:Global A: -9.4, local A: -2.799999999999999
DEBUG:local_logging:Operation: X: -2.3999999999999915, Z: 27.0, A: -2.799999999999999, F: 1600.0, Operation: G01
DEBUG:local_logging:Distance: 75.63808564473321 for X: -2.3999999999999915, Z: 27.0, A: -2.799999999999999, F: 1600.0
DEBUG:local_logging:Old line: G01X113.9692Z27.0220A-12.2559926F1600.0

DEBUG:local_logging:New line: G01X113.9692Z27.0220A-12.2559926F2409.4

DEBUG:local_logging:I: G01X111.5765Z27.0332A-15.0569381F1600.0

DEBUG:local_logging:Dict of values: {'operation': 'G01', 'X': 'X111.5', 'Z': 'Z27.0', 'A': 'A-15.0', 'F': 'F1600.0'}
DEBUG:local_logging:Detected A: A-15.0 global_A: -12.2
DEBUG:local_logging:Global A: -12.2, local A: -2.8000000000000007
DEBUG:local_logging:Operation: X: -2.4000000000000057, Z: 27.0, A: -2.8000000000000007, F: 1600.0, Operation: G01
DEBUG:local_logging:Distance: 75.63808564473327 for X: -2.4000000000000057, Z: 27.0, A: -2.8000000000000007, F: 1600.0
DEBUG:local_logging:Old line: G01X111.5765Z27.0332A-15.0569381F1600.0

DEBUG:local_logging:New line: G01X111.5765Z27.0332A-15.0569381F2358.6

DEBUG:local_logging:I: G01X109.2023Z27.0467A-17.8693874F1600.0

DEBUG:local_logging:Dict of values: {'operation': 'G01', 'X': 'X109.2', 'Z': 'Z27.0', 'A': 'A-17.8', 'F': 'F1600.0'}
DEBUG:local_logging:Detected A: A-17.8 global_A: -15.0
DEBUG:local_logging:Global A: -15.0, local A: -2.8000000000000007
DEBUG:local_logging:Operation: X: -2.299999999999997, Z: 27.0, A: -2.8000000000000007, F: 1600.0, Operation: G01
DEBUG:local_logging:Distance: 75.63497868050207 for X: -2.299999999999997, Z: 27.0, A: -2.8000000000000007, F: 1600.0
DEBUG:local_logging:Old line: G01X109.2023Z27.0467A-17.8693874F1600.0

DEBUG:local_logging:New line: G01X109.2023Z27.0467A-17.8693874F2310.0

DEBUG:local_logging:I: G01X106.8551Z27.0624A-20.6899967F1600.0

DEBUG:local_logging:Dict of values: {'operation': 'G01', 'X': 'X106.8', 'Z': 'Z27.0', 'A': 'A-20.6', 'F': 'F1600.0'}
DEBUG:local_logging:Detected A: A-20.6 global_A: -17.8
DEBUG:local_logging:Global A: -17.8, local A: -2.8000000000000007
DEBUG:local_logging:Operation: X: -2.4000000000000057, Z: 27.0, A: -2.8000000000000007, F: 1600.0, Operation: G01
DEBUG:local_logging:Distance: 75.63808564473327 for X: -2.4000000000000057, Z: 27.0, A: -2.8000000000000007, F: 1600.0
DEBUG:local_logging:Old line: G01X106.8551Z27.0624A-20.6899967F1600.0

DEBUG:local_logging:New line: G01X106.8551Z27.0624A-20.6899967F2259.2

DEBUG:local_logging:I: G01X104.5431Z27.0804A-23.5153641F1600.0

DEBUG:local_logging:Dict of values: {'operation': 'G01', 'X': 'X104.5', 'Z': 'Z27.0', 'A': 'A-23.5', 'F': 'F1600.0'}
DEBUG:local_logging:Detected A: A-23.5 global_A: -20.6
DEBUG:local_logging:Global A: -20.6, local A: -2.8999999999999986
DEBUG:local_logging:Operation: X: -2.299999999999997, Z: 27.0, A: -2.8999999999999986, F: 1600.0, Operation: G01
DEBUG:local_logging:Distance: 78.3337730484112 for X: -2.299999999999997, Z: 27.0, A: -2.8999999999999986, F: 1600.0
DEBUG:local_logging:Old line: G01X104.5431Z27.0804A-23.5153641F1600.0

DEBUG:local_logging:New line: G01X104.5431Z27.0804A-23.5153641F2134.5

DEBUG:local_logging:I: G01X102.2744Z27.1006A-26.3420538F1600.0

DEBUG:local_logging:Dict of values: {'operation': 'G01', 'X': 'X102.2', 'Z': 'Z27.1', 'A': 'A-26.3', 'F': 'F1600.0'}
DEBUG:local_logging:Detected A: A-26.3 global_A: -23.5
DEBUG:local_logging:Global A: -23.5, local A: -2.8000000000000007
DEBUG:local_logging:Operation: X: -2.299999999999997, Z: 27.1, A: -2.8000000000000007, F: 1600.0, Operation: G01
DEBUG:local_logging:Distance: 75.91484966724234 for X: -2.299999999999997, Z: 27.1, A: -2.8000000000000007, F: 1600.0
DEBUG:local_logging:Old line: G01X102.2744Z27.1006A-26.3420538F1600.0

DEBUG:local_logging:New line: G01X102.2744Z27.1006A-26.3420538F2154.0

DEBUG:local_logging:I: G01X100.0569Z27.1228A-29.1666211F1600.0

DEBUG:local_logging:Dict of values: {'operation': 'G01', 'X': 'X100.0', 'Z': 'Z27.1', 'A': 'A-29.1', 'F': 'F1600.0'}
DEBUG:local_logging:Detected A: A-29.1 global_A: -26.3
DEBUG:local_logging:Global A: -26.3, local A: -2.8000000000000007
DEBUG:local_logging:Operation: X: -2.200000000000003, Z: 27.1, A: -2.8000000000000007, F: 1600.0, Operation: G01
DEBUG:local_logging:Distance: 75.91188576237587 for X: -2.200000000000003, Z: 27.1, A: -2.8000000000000007, F: 1600.0
DEBUG:local_logging:Old line: G01X100.0569Z27.1228A-29.1666211F1600.0

DEBUG:local_logging:New line: G01X100.0569Z27.1228A-29.1666211F2107.7

DEBUG:local_logging:I: G01X97.8981Z27.1471A-31.9856376F1600.0

DEBUG:local_logging:Dict of values: {'operation': 'G01', 'X': 'X97.8', 'Z': 'Z27.1', 'A': 'A-31.9', 'F': 'F1600.0'}
DEBUG:local_logging:Detected A: A-31.9 global_A: -29.1
DEBUG:local_logging:Global A: -29.1, local A: -2.799999999999997
DEBUG:local_logging:Operation: X: -2.200000000000003, Z: 27.1, A: -2.799999999999997, F: 1600.0, Operation: G01
DEBUG:local_logging:Distance: 75.91188576237576 for X: -2.200000000000003, Z: 27.1, A: -2.799999999999997, F: 1600.0
DEBUG:local_logging:Old line: G01X97.8981Z27.1471A-31.9856376F1600.0

DEBUG:local_logging:New line: G01X97.8981Z27.1471A-31.9856376F2061.3

DEBUG:local_logging:I: G01X95.8050Z27.1734A-34.7957164F1600.0

DEBUG:local_logging:Dict of values: {'operation': 'G01', 'X': 'X95.8', 'Z': 'Z27.1', 'A': 'A-34.7', 'F': 'F1600.0'}
DEBUG:local_logging:Detected A: A-34.7 global_A: -31.9
DEBUG:local_logging:Global A: -31.9, local A: -2.8000000000000043
DEBUG:local_logging:Operation: X: -2.0, Z: 27.1, A: -2.8000000000000043, F: 1600.0, Operation: G01
DEBUG:local_logging:Distance: 75.90635283031334 for X: -2.0, Z: 27.1, A: -2.8000000000000043, F: 1600.0
DEBUG:local_logging:Old line: G01X95.8050Z27.1734A-34.7957164F1600.0

DEBUG:local_logging:New line: G01X95.8050Z27.1734A-34.7957164F2019.3

DEBUG:local_logging:I: G01X93.7843Z27.2014A-37.5935357F1600.0

DEBUG:local_logging:Dict of values: {'operation': 'G01', 'X': 'X93.7', 'Z': 'Z27.2', 'A': 'A-37.5', 'F': 'F1600.0'}
DEBUG:local_logging:Detected A: A-37.5 global_A: -34.7
DEBUG:local_logging:Global A: -34.7, local A: -2.799999999999997
DEBUG:local_logging:Operation: X: -2.0999999999999943, Z: 27.2, A: -2.799999999999997, F: 1600.0, Operation: G01
DEBUG:local_logging:Distance: 76.18894670488619 for X: -2.0999999999999943, Z: 27.2, A: -2.799999999999997, F: 1600.0
DEBUG:local_logging:Old line: G01X93.7843Z27.2014A-37.5935357F1600.0

DEBUG:local_logging:New line: G01X93.7843Z27.2014A-37.5935357F1967.7

DEBUG:local_logging:I: G01X91.8420Z27.2312A-40.3758623F1600.0

DEBUG:local_logging:Dict of values: {'operation': 'G01', 'X': 'X91.8', 'Z': 'Z27.2', 'A': 'A-40.3', 'F': 'F1600.0'}
DEBUG:local_logging:Detected A: A-40.3 global_A: -37.5
DEBUG:local_logging:Global A: -37.5, local A: -2.799999999999997
DEBUG:local_logging:Operation: X: -1.9000000000000057, Z: 27.2, A: -2.799999999999997, F: 1600.0, Operation: G01
DEBUG:local_logging:Distance: 76.1836964185907 for X: -1.9000000000000057, Z: 27.2, A: -2.799999999999997, F: 1600.0
DEBUG:local_logging:Old line: G01X91.8420Z27.2312A-40.3758623F1600.0

DEBUG:local_logging:New line: G01X91.8420Z27.2312A-40.3758623F1928.0

DEBUG:local_logging:I: G01X89.9833Z27.2625A-43.1395726F1600.0

DEBUG:local_logging:Dict of values: {'operation': 'G01', 'X': 'X89.9', 'Z': 'Z27.2', 'A': 'A-43.1', 'F': 'F1600.0'}
DEBUG:local_logging:Detected A: A-43.1 global_A: -40.3
DEBUG:local_logging:Global A: -40.3, local A: -2.8000000000000043
DEBUG:local_logging:Operation: X: -1.8999999999999915, Z: 27.2, A: -2.8000000000000043, F: 1600.0, Operation: G01
DEBUG:local_logging:Distance: 76.18369641859088 for X: -1.8999999999999915, Z: 27.2, A: -2.8000000000000043, F: 1600.0
DEBUG:local_logging:Old line: G01X89.9833Z27.2625A-43.1395726F1600.0

DEBUG:local_logging:New line: G01X89.9833Z27.2625A-43.1395726F1888.1

DEBUG:local_logging:I: G01X87.3621Z27.3121A-47.2437216F1600.0

DEBUG:local_logging:Dict of values: {'operation': 'G01', 'X': 'X87.3', 'Z': 'Z27.3', 'A': 'A-47.2', 'F': 'F1600.0'}
DEBUG:local_logging:Detected A: A-47.2 global_A: -43.1
DEBUG:local_logging:Global A: -43.1, local A: -4.100000000000001
DEBUG:local_logging:Operation: X: -2.6000000000000085, Z: 27.3, A: -4.100000000000001, F: 1600.0, Operation: G01
DEBUG:local_logging:Distance: 111.96019337246614 for X: -2.6000000000000085, Z: 27.3, A: -4.100000000000001, F: 1600.0
DEBUG:local_logging:Old line: G01X87.3621Z27.3121A-47.2437216F1600.0

DEBUG:local_logging:New line: G01X87.3621Z27.3121A-47.2437216F1247.6

DEBUG:local_logging:I: G01X86.5349Z27.3293A-48.5993127F1600.0

DEBUG:local_logging:Dict of values: {'operation': 'G01', 'X': 'X86.5', 'Z': 'Z27.3', 'A': 'A-48.5', 'F': 'F1600.0'}
DEBUG:local_logging:Detected A: A-48.5 global_A: -47.2
DEBUG:local_logging:Global A: -47.2, local A: -1.2999999999999972
DEBUG:local_logging:Operation: X: -0.7999999999999972, Z: 27.3, A: -1.2999999999999972, F: 1600.0, Operation: G01
DEBUG:local_logging:Distance: 35.499015479305825 for X: -0.7999999999999972, Z: 27.3, A: -1.2999999999999972, F: 1600.0
DEBUG:local_logging:Old line: G01X86.5349Z27.3293A-48.5993127F1600.0

DEBUG:local_logging:New line: G01X86.5349Z27.3293A-48.5993127F3898.7

DEBUG:local_logging:I: G01X85.9353Z27.2929A-45.6910303F1600.0

DEBUG:local_logging:Dict of values: {'operation': 'G01', 'X': 'X85.9', 'Z': 'Z27.2', 'A': 'A-45.6', 'F': 'F1600.0'}
DEBUG:local_logging:Detected A: A-45.6 global_A: -48.5
DEBUG:local_logging:Global A: -48.5, local A: 2.8999999999999986
DEBUG:local_logging:Operation: X: -0.5999999999999943, Z: 27.2, A: 2.8999999999999986, F: 1600.0, Operation: G01
DEBUG:local_logging:Distance: 78.88228191425495 for X: -0.5999999999999943, Z: 27.2, A: 2.8999999999999986, F: 1600.0
DEBUG:local_logging:Old line: G01X85.9353Z27.2929A-45.6910303F1600.0

DEBUG:local_logging:New line: G01X85.9353Z27.2929A-45.6910303F1742.3

DEBUG:local_logging:I: G01X85.2989Z27.2580A-42.7473499F1600.0

DEBUG:local_logging:Dict of values: {'operation': 'G01', 'X': 'X85.2', 'Z': 'Z27.2', 'A': 'A-42.7', 'F': 'F1600.0'}
DEBUG:local_logging:Detected A: A-42.7 global_A: -45.6
DEBUG:local_logging:Global A: -45.6, local A: 2.8999999999999986
DEBUG:local_logging:Operation: X: -0.7000000000000028, Z: 27.2, A: 2.8999999999999986, F: 1600.0, Operation: G01
DEBUG:local_logging:Distance: 78.88310592262448 for X: -0.7000000000000028, Z: 27.2, A: 2.8999999999999986, F: 1600.0
DEBUG:local_logging:Old line: G01X85.2989Z27.2580A-42.7473499F1600.0

DEBUG:local_logging:New line: G01X85.2989Z27.2580A-42.7473499F1728.1

DEBUG:local_logging:I: G01X84.2785Z27.2085A-38.2727486F1600.0

DEBUG:local_logging:Dict of values: {'operation': 'G01', 'X': 'X84.2', 'Z': 'Z27.2', 'A': 'A-38.2', 'F': 'F1600.0'}
DEBUG:local_logging:Detected A: A-38.2 global_A: -42.7
DEBUG:local_logging:Global A: -42.7, local A: 4.5
DEBUG:local_logging:Operation: X: -1.0, Z: 27.2, A: 4.5, F: 1600.0, Operation: G01
DEBUG:local_logging:Distance: 122.40408489915686 for X: -1.0, Z: 27.2, A: 4.5, F: 1600.0
DEBUG:local_logging:Old line: G01X84.2785Z27.2085A-38.2727486F1600.0

DEBUG:local_logging:New line: G01X84.2785Z27.2085A-38.2727486F1100.6

DEBUG:local_logging:I: G01X83.1846Z27.1633A-33.7381515F1600.0

DEBUG:local_logging:Dict of values: {'operation': 'G01', 'X': 'X83.1', 'Z': 'Z27.1', 'A': 'A-33.7', 'F': 'F1600.0'}
DEBUG:local_logging:Detected A: A-33.7 global_A: -38.2
DEBUG:local_logging:Global A: -38.2, local A: 4.5
DEBUG:local_logging:Operation: X: -1.1000000000000085, Z: 27.1, A: 4.5, F: 1600.0, Operation: G01
DEBUG:local_logging:Distance: 121.95496094870434 for X: -1.1000000000000085, Z: 27.1, A: 4.5, F: 1600.0
DEBUG:local_logging:Old line: G01X83.1846Z27.1633A-33.7381515F1600.0

DEBUG:local_logging:New line: G01X83.1846Z27.1633A-33.7381515F1090.2

DEBUG:local_logging:I: G01X82.0250Z27.1228A-29.1568047F1600.0

DEBUG:local_logging:Dict of values: {'operation': 'G01', 'X': 'X82.0', 'Z': 'Z27.1', 'A': 'A-29.1', 'F': 'F1600.0'}
DEBUG:local_logging:Detected A: A-29.1 global_A: -33.7
DEBUG:local_logging:Global A: -33.7, local A: 4.600000000000001
DEBUG:local_logging:Operation: X: -1.0999999999999943, Z: 27.1, A: 4.600000000000001, F: 1600.0, Operation: G01
DEBUG:local_logging:Distance: 124.66485310623844 for X: -1.0999999999999943, Z: 27.1, A: 4.600000000000001, F: 1600.0
DEBUG:local_logging:Old line: G01X82.0250Z27.1228A-29.1568047F1600.0

DEBUG:local_logging:New line: G01X82.0250Z27.1228A-29.1568047F1052.4

DEBUG:local_logging:I: G01X80.8088Z27.0875A-24.5428307F1600.0

DEBUG:local_logging:Dict of values: {'operation': 'G01', 'X': 'X80.8', 'Z': 'Z27.0', 'A': 'A-24.5', 'F': 'F1600.0'}
DEBUG:local_logging:Detected A: A-24.5 global_A: -29.1
DEBUG:local_logging:Global A: -29.1, local A: 4.600000000000001
DEBUG:local_logging:Operation: X: -1.2000000000000028, Z: 27.0, A: 4.600000000000001, F: 1600.0, Operation: G01
DEBUG:local_logging:Distance: 124.20579696616423 for X: -1.2000000000000028, Z: 27.0, A: 4.600000000000001, F: 1600.0
DEBUG:local_logging:Old line: G01X80.8088Z27.0875A-24.5428307F1600.0

DEBUG:local_logging:New line: G01X80.8088Z27.0875A-24.5428307F1040.9

DEBUG:local_logging:I: G01X79.5466Z27.0578A-19.9109819F1600.0

DEBUG:local_logging:Dict of values: {'operation': 'G01', 'X': 'X79.5', 'Z': 'Z27.0', 'A': 'A-19.9', 'F': 'F1600.0'}
DEBUG:local_logging:Detected A: A-19.9 global_A: -24.5
DEBUG:local_logging:Global A: -24.5, local A: 4.600000000000001
DEBUG:local_logging:Operation: X: -1.2999999999999972, Z: 27.0, A: 4.600000000000001, F: 1600.0, Operation: G01
DEBUG:local_logging:Distance: 124.20680335633799 for X: -1.2999999999999972, Z: 27.0, A: 4.600000000000001, F: 1600.0
DEBUG:local_logging:Old line: G01X79.5466Z27.0578A-19.9109819F1600.0

DEBUG:local_logging:New line: G01X79.5466Z27.0578A-19.9109819F1024.1

DEBUG:local_logging:I: G01X78.2498Z27.0342A-15.276364F1600.0

DEBUG:local_logging:Dict of values: {'operation': 'G01', 'X': 'X78.2', 'Z': 'Z27.0', 'A': 'A-15.2', 'F': 'F1600.0'}
DEBUG:local_logging:Detected A: A-15.2 global_A: -19.9
DEBUG:local_logging:Global A: -19.9, local A: 4.699999999999999
DEBUG:local_logging:Operation: X: -1.2999999999999972, Z: 27.0, A: 4.699999999999999, F: 1600.0, Operation: G01
DEBUG:local_logging:Distance: 126.9066586117529 for X: -1.2999999999999972, Z: 27.0, A: 4.699999999999999, F: 1600.0
DEBUG:local_logging:Old line: G01X78.2498Z27.0342A-15.276364F1600.0

DEBUG:local_logging:New line: G01X78.2498Z27.0342A-15.276364F985.9

DEBUG:local_logging:I: G01X77.3719Z27.0218A-12.1925757F1600.0

DEBUG:local_logging:Dict of values: {'operation': 'G01', 'X': 'X77.3', 'Z': 'Z27.0', 'A': 'A-12.1', 'F': 'F1600.0'}
DEBUG:local_logging:Detected A: A-12.1 global_A: -15.2
DEBUG:local_logging:Global A: -15.2, local A: 3.0999999999999996
DEBUG:local_logging:Operation: X: -0.9000000000000057, Z: 27.0, A: 3.0999999999999996, F: 1600.0, Operation: G01
DEBUG:local_logging:Distance: 83.70483856982223 for X: -0.9000000000000057, Z: 27.0, A: 3.0999999999999996, F: 1600.0
DEBUG:local_logging:Old line: G01X77.3719Z27.0218A-12.1925757F1600.0

DEBUG:local_logging:New line: G01X77.3719Z27.0218A-12.1925757F1477.6

DEBUG:local_logging:I: G01X76.4877Z27.0122A-9.1187481F1600.0

DEBUG:local_logging:Dict of values: {'operation': 'G01', 'X': 'X76.4', 'Z': 'Z27.0', 'A': 'A-9.1', 'F': 'F1600.0'}
DEBUG:local_logging:Detected A: A-9.1 global_A: -12.1
DEBUG:local_logging:Global A: -12.1, local A: 3.0
DEBUG:local_logging:Operation: X: -0.8999999999999915, Z: 27.0, A: 3.0, F: 1600.0, Operation: G01
DEBUG:local_logging:Distance: 81.00499984568854 for X: -0.8999999999999915, Z: 27.0, A: 3.0, F: 1600.0
DEBUG:local_logging:Old line: G01X76.4877Z27.0122A-9.1187481F1600.0

DEBUG:local_logging:New line: G01X76.4877Z27.0122A-9.1187481F1509.0

DEBUG:local_logging:I: G01X75.6008Z27.0054A-6.0592426F1600.0

DEBUG:local_logging:Dict of values: {'operation': 'G01', 'X': 'X75.6', 'Z': 'Z27.0', 'A': 'A-6.0', 'F': 'F1600.0'}
DEBUG:local_logging:Detected A: A-6.0 global_A: -9.1
DEBUG:local_logging:Global A: -9.1, local A: 3.0999999999999996
DEBUG:local_logging:Operation: X: -0.8000000000000114, Z: 27.0, A: 3.0999999999999996, F: 1600.0, Operation: G01
DEBUG:local_logging:Distance: 83.70382309070476 for X: -0.8000000000000114, Z: 27.0, A: 3.0999999999999996, F: 1600.0
DEBUG:local_logging:Old line: G01X75.6008Z27.0054A-6.0592426F1600.0

DEBUG:local_logging:New line: G01X75.6008Z27.0054A-6.0592426F1445.1

DEBUG:local_logging:I: G01X74.7148Z27.0013A-3.0182986F1600.0

DEBUG:local_logging:Dict of values: {'operation': 'G01', 'X': 'X74.7', 'Z': 'Z27.0', 'A': 'A-3.0', 'F': 'F1600.0'}
DEBUG:local_logging:Detected A: A-3.0 global_A: -6.0
DEBUG:local_logging:Global A: -6.0, local A: 3.0
DEBUG:local_logging:Operation: X: -0.8999999999999915, Z: 27.0, A: 3.0, F: 1600.0, Operation: G01
DEBUG:local_logging:Distance: 81.00499984568854 for X: -0.8999999999999915, Z: 27.0, A: 3.0, F: 1600.0
DEBUG:local_logging:Old line: G01X74.7148Z27.0013A-3.0182986F1600.0

DEBUG:local_logging:New line: G01X74.7148Z27.0013A-3.0182986F1475.5

DEBUG:local_logging:I: G01X73.8331Z27.0000A0.F1600.0

DEBUG:local_logging:Dict of values: {'operation': 'G01', 'X': 'X73.8', 'Z': 'Z27.0', 'A': None, 'F': 'F1600.0'}
DEBUG:local_logging:Detected A: None global_A: -3.0
DEBUG:local_logging:Operation: X: -0.9000000000000057, Z: 27.0, A: None, F: 1600.0, Operation: G01
